<?xml version="1.0" encoding="UTF-8"?>
<!-- Generated by org.testng.reporters.JUnitReportReporter -->
<testsuite hostname="DESKTOP-P6NGEVN" failures="0" tests="1" name="leadsModule.Excelsheettesting" time="1.849" errors="0" timestamp="2023-03-31T15:11:19 IST" skipped="0">
  <testcase classname="leadsModule.Excelsheettesting" name="main" time="1.849"/>
  <system-out/>
</testsuite> <!-- leadsModule.Excelsheettesting -->
