<?xml version="1.0" encoding="UTF-8"?>
<!-- Generated by org.testng.reporters.JUnitReportReporter -->
<testsuite hostname="LAKSHMANYADAV" failures="0" tests="1" name="practise.CheckBoxes" time="16.447" errors="0" timestamp="2023-04-11T19:22:50 IST" skipped="0">
  <testcase classname="practise.CheckBoxes" name="checkAll" time="16.447"/>
  <system-out/>
</testsuite> <!-- practise.CheckBoxes -->
