<?xml version="1.0" encoding="UTF-8"?>
<!-- Generated by org.testng.reporters.JUnitReportReporter -->
<testsuite hostname="DESKTOP-P6NGEVN" failures="0" tests="1" name="leadsModule.Createoppurtunitywithcontacts_Test" time="49.211" errors="0" timestamp="2023-04-02T17:53:22 IST" skipped="0">
  <testcase classname="leadsModule.Createoppurtunitywithcontacts_Test" name="opportunityWithContacts" time="49.211"/>
  <system-out/>
</testsuite> <!-- leadsModule.Createoppurtunitywithcontacts_Test -->
