<?xml version="1.0" encoding="UTF-8"?>
<!-- Generated by org.testng.reporters.JUnitReportReporter -->
<testsuite hostname="LAKSHMANYADAV" failures="0" tests="1" name="practise.Check10" time="14.499" errors="0" timestamp="2023-04-11T19:24:10 IST" skipped="0">
  <testcase classname="practise.Check10" name="checkOne" time="14.499"/>
  <system-out/>
</testsuite> <!-- practise.Check10 -->
