<?xml version="1.0" encoding="UTF-8"?>
<!-- Generated by org.testng.reporters.JUnitReportReporter -->
<testsuite hostname="LAKSHMANYADAV" failures="0" tests="1" name="leadsModule.CreateLeadTest" time="72.959" errors="0" timestamp="2023-04-08T12:39:50 IST" skipped="0">
  <testcase classname="leadsModule.CreateLeadTest" name="leadcreation" time="72.959"/>
  <system-out/>
</testsuite> <!-- leadsModule.CreateLeadTest -->
