<?xml version="1.0" encoding="UTF-8"?>
<!-- Generated by org.testng.reporters.JUnitReportReporter -->
<testsuite hostname="LAKSHMANYADAV" failures="0" tests="1" name="practise.CheckBoxes" time="28.429" errors="0" timestamp="2023-05-08T12:43:43 IST" skipped="0">
  <testcase classname="practise.CheckBoxes" name="checkAll" time="28.429"/>
  <system-out/>
</testsuite> <!-- practise.CheckBoxes -->
