<?xml version="1.0" encoding="UTF-8"?>
<!-- Generated by org.testng.reporters.JUnitReportReporter -->
<testsuite hostname="LAKSHMANYADAV" failures="0" tests="1" name="practise.Tokyo_Olympics" time="21.201" errors="0" timestamp="2023-04-11T09:33:51 IST" skipped="0">
  <testcase classname="practise.Tokyo_Olympics" name="india" time="21.201"/>
  <system-out/>
</testsuite> <!-- practise.Tokyo_Olympics -->
