<?xml version="1.0" encoding="UTF-8"?>
<!-- Generated by org.testng.reporters.JUnitReportReporter -->
<testsuite hostname="DESKTOP-P6NGEVN" failures="0" tests="1" name="leadsModule.CreateLeadTest" time="23.595" errors="0" timestamp="2023-03-29T16:16:21 IST" skipped="0">
  <testcase classname="leadsModule.CreateLeadTest" name="leadcreation" time="23.595"/>
  <system-out/>
</testsuite> <!-- leadsModule.CreateLeadTest -->
