<?xml version="1.0" encoding="UTF-8"?>
<!-- Generated by org.testng.reporters.JUnitReportReporter -->
<testsuite hostname="LAKSHMANYADAV" failures="0" tests="1" name="practise.OrganizationNames" time="18.433" errors="0" timestamp="2023-04-12T13:57:07 IST" skipped="0">
  <testcase classname="practise.OrganizationNames" name="orgName" time="18.433"/>
  <system-out/>
</testsuite> <!-- practise.OrganizationNames -->
