<?xml version="1.0" encoding="UTF-8"?>
<!-- Generated by org.testng.reporters.JUnitReportReporter -->
<testsuite hostname="LAKSHMANYADAV" failures="0" tests="1" name="practise.OrganizationNames" time="21.951" errors="0" timestamp="2023-04-11T18:59:42 IST" skipped="0">
  <testcase classname="practise.OrganizationNames" name="orgName" time="21.951"/>
  <system-out/>
</testsuite> <!-- practise.OrganizationNames -->
