<?xml version="1.0" encoding="UTF-8"?>
<!-- Generated by org.testng.reporters.JUnitReportReporter -->
<testsuite hostname="LAKSHMANYADAV" failures="0" tests="1" name="opportunitiesModule.Create_NewOpportunity" time="61.304" errors="0" timestamp="2023-05-09T12:53:28 IST" skipped="0">
  <testcase classname="opportunitiesModule.Create_NewOpportunity" name="createOpportunity" time="61.304"/>
  <system-out/>
</testsuite> <!-- opportunitiesModule.Create_NewOpportunity -->
